<?xml version="1.0" encoding="UTF-8"?>
<!-- Generated by org.testng.reporters.JUnitXMLReporter -->
<testsuite hostname="HP-HP" ignored="0" name="Test" tests="6"
	failures="2" timestamp="18 May 2019 06:55:10 GMT" time="0.258"
	errors="0">
	<testcase name="launch" time="0.012"
		classname="firstlaunch.FirstlaunchChrome">
		<failure type="java.lang.AssertionError"
			message="expected [false] but found [true]">
      <![CDATA[java.lang.AssertionError: expected [false] but found [true]
at firstlaunch.FirstlaunchChrome.launch(FirstlaunchChrome.java:28)
... Removed 31 stack frames]]>
		</failure>
	</testcase> <!-- launch -->
	<testcase name="test" time="0.001"
		classname="firstlaunch.FirstlaunchChrome" />
	<testcase name="dataprovider" time="0.002"
		classname="firstlaunch.DataProviderScripts">
		<failure type="java.lang.NumberFormatException"
			message="For input string: &amp;quot;Age&amp;quot;">
      <![CDATA[java.lang.NumberFormatException: For input string: "Age"
at java.lang.NumberFormatException.forInputString(Unknown Source)
at java.lang.Integer.parseInt(Unknown Source)
at java.lang.Integer.parseInt(Unknown Source)
at firstlaunch.DataProviderScripts.dataprovider(DataProviderScripts.java:11)
... Removed 25 stack frames]]>
		</failure>
	</testcase> <!-- dataprovider -->
	<testcase name="dataprovider" time="0.003"
		classname="firstlaunch.DataProviderScripts" />
	<testcase name="dataprovider" time="0.001"
		classname="firstlaunch.DataProviderScripts" />
	<testcase name="dataprovider" time="0.002"
		classname="firstlaunch.DataProviderScripts" />
</testsuite> <!-- Test -->
