<?xml version="1.0" encoding="UTF-8"?>
<testng-results skipped="0" failed="0" ignored="0" total="1" passed="1">
  <reporter-output>
  </reporter-output>
  <suite name="Default suite" duration-ms="8880" started-at="2019-05-18T12:29:23Z" finished-at="2019-05-18T12:29:32Z">
    <groups>
    </groups>
    <test name="Default test" duration-ms="8880" started-at="2019-05-18T12:29:23Z" finished-at="2019-05-18T12:29:32Z">
      <class name="firstlaunch.PracticeLocator">
        <test-method status="PASS" signature="Locators()[pri:0, instance:firstlaunch.PracticeLocator@5b275dab]" name="Locators" duration-ms="8850" started-at="2019-05-18T12:29:23Z" finished-at="2019-05-18T12:29:32Z">
          <reporter-output>
          </reporter-output>
        </test-method> <!-- Locators -->
      </class> <!-- firstlaunch.PracticeLocator -->
    </test> <!-- Default test -->
  </suite> <!-- Default suite -->
</testng-results>
